2024-02-24 19:55:50 [1396] INFO django.utils.autoreload: Watching for file changes with StatReloader
2024-02-24 19:55:52 [1396] INFO django.utils.autoreload: /Users/surajkumar/VSProjects/PythonHub/PythonApps/python_apps/settings.py changed, reloading.
2024-02-24 19:55:52 [1399] INFO django.utils.autoreload: Watching for file changes with StatReloader
2024-02-24 19:55:53 [1399] INFO django.server: "GET / HTTP/1.1" 200 4672
2024-02-24 19:55:53 [1399] INFO django.server: "GET /static/css/base.css HTTP/1.1" 200 828
2024-02-24 19:55:53 [1399] INFO django.server: "GET /static/assets/pptconfig.png HTTP/1.1" 200 31842
2024-02-24 19:55:53 [1399] INFO django.server: "GET /static/assets/pdftoexcel.png HTTP/1.1" 200 153921
2024-02-24 19:56:33 [1399] INFO django.server: "GET / HTTP/1.1" 200 4672
2024-02-24 19:56:41 [1399] INFO django.server: "GET /slotmachine/ HTTP/1.1" 302 0
2024-02-24 19:56:41 [1399] INFO django.server: "GET / HTTP/1.1" 200 4672
2024-02-24 21:09:45 [1399] INFO django.server: "GET / HTTP/1.1" 200 4672
2024-02-24 21:09:45 [1399] INFO django.server: "GET /static/css/base.css HTTP/1.1" 304 0
2024-02-24 21:09:45 [1399] INFO django.server: "GET /static/assets/Premier_League_Logo.png HTTP/1.1" 304 0
2024-02-24 21:09:45 [1399] INFO django.server: "GET /static/css/home.css HTTP/1.1" 304 0
2024-02-24 21:09:45 [1399] INFO django.server: "GET /static/assets/pptconfig.png HTTP/1.1" 304 0
2024-02-24 21:09:45 [1399] INFO django.server: "GET /static/assets/pdftoexcel.png HTTP/1.1" 304 0
2024-02-24 21:11:33 [1399] INFO django.server: "GET / HTTP/1.1" 200 4672
2024-02-24 21:11:34 [1399] INFO django.server: "GET / HTTP/1.1" 200 4672
2024-02-24 21:11:42 [1399] INFO django.server: "GET / HTTP/1.1" 200 4672
2024-02-24 21:11:42 [1399] INFO django.server: "GET / HTTP/1.1" 200 4672
2024-02-24 21:11:51 [15300] INFO django.utils.autoreload: Watching for file changes with StatReloader
2024-02-24 21:11:53 [15300] INFO django.server: "GET / HTTP/1.1" 200 4672
2024-02-24 21:12:29 [15300] INFO django.server: "GET / HTTP/1.1" 200 4572
2024-02-24 21:13:15 [15300] INFO django.server: "GET / HTTP/1.1" 200 4572
2024-02-24 21:13:17 [15300] INFO django.server: "GET / HTTP/1.1" 200 4572
2024-02-24 21:15:12 [15300] INFO django.server: "GET / HTTP/1.1" 200 4572
2024-02-24 21:15:12 [15300] INFO django.server: "GET / HTTP/1.1" 200 4572
2024-02-24 21:15:13 [15300] INFO django.server: "GET / HTTP/1.1" 200 4572
2024-02-24 21:15:15 [15300] INFO django.server: "GET / HTTP/1.1" 200 4572
2024-02-24 21:15:15 [15300] INFO django.server: "GET / HTTP/1.1" 200 4572
2024-02-24 21:15:26 [15300] INFO django.server: "GET / HTTP/1.1" 200 4572
2024-02-24 21:15:26 [15300] INFO django.server: "GET /static/assets/pdftoexcel.png HTTP/1.1" 304 0
2024-02-24 21:15:26 [15300] INFO django.server: "GET /static/assets/pptconfig.png HTTP/1.1" 304 0
2024-02-24 21:15:26 [15300] INFO django.server: "GET /static/assets/Premier_League_Logo.png HTTP/1.1" 304 0
2024-02-24 21:15:26 [15300] INFO django.server: "GET /static/css/home.css HTTP/1.1" 200 1187
2024-02-24 21:15:26 [15300] INFO django.server: "GET /static/css/base.css HTTP/1.1" 200 871
2024-02-24 21:15:26 [15300] WARNING django.server: "GET /favicon.ico HTTP/1.1" 404 179
2024-02-24 21:16:39 [15300] INFO django.server: "GET / HTTP/1.1" 200 4572
2024-02-24 21:16:39 [15300] INFO django.server: "GET /static/css/base.css HTTP/1.1" 304 0
2024-02-24 21:16:39 [15300] INFO django.server: "GET /static/css/home.css HTTP/1.1" 200 1288
2024-02-24 21:16:51 [15300] INFO django.server: "GET / HTTP/1.1" 200 4572
2024-02-24 21:16:51 [15300] INFO django.server: "GET /static/css/home.css HTTP/1.1" 200 1316
2024-02-24 21:16:52 [15300] INFO django.server: "GET / HTTP/1.1" 200 4572
2024-02-24 21:16:52 [15300] INFO django.server: "GET /static/css/home.css HTTP/1.1" 304 0
2024-02-24 21:17:06 [15300] INFO django.server: "GET / HTTP/1.1" 200 4572
2024-02-24 21:17:06 [15300] INFO django.server: "GET /static/css/home.css HTTP/1.1" 200 1319
2024-02-24 21:17:06 [15300] INFO django.server: "GET / HTTP/1.1" 200 4572
2024-02-24 21:17:06 [15300] INFO django.server: "GET /static/css/home.css HTTP/1.1" 304 0
2024-02-24 21:17:11 [15300] INFO django.server: "GET /slotmachine HTTP/1.1" 301 0
2024-02-24 21:17:11 [15300] INFO django.server: "GET /slotmachine/ HTTP/1.1" 302 0
2024-02-24 21:17:11 [15300] INFO django.server: "GET / HTTP/1.1" 200 4572
2024-02-24 21:17:11 [15300] INFO django.server: "GET /static/css/base.css HTTP/1.1" 304 0
2024-02-24 21:17:11 [15300] INFO django.server: "GET /static/css/home.css HTTP/1.1" 304 0
2024-02-24 21:18:37 [15300] INFO django.server: "GET /slotmachine/ HTTP/1.1" 302 0
2024-02-24 21:18:37 [15300] INFO django.server: "GET / HTTP/1.1" 200 4572
2024-02-24 21:18:37 [15300] INFO django.server: "GET /static/css/home.css HTTP/1.1" 304 0
2024-02-24 21:18:37 [15300] INFO django.server: "GET /static/css/base.css HTTP/1.1" 304 0
